[info] number of nodes 9
[info] Hello from node2
[info] I'm connected to nodes ['1', '2', '3', '6', '7']
[info] I have edges [('2', '1'), ('2', '2'), ('2', '3'), ('2', '6'), ('2', '7')]
[info] current status is True
[info] send message to 1: [0, [0], 0]
[info] sent message [0, [0], 0] to 1
[info] send message to 2: [0, [0], 0]
[info] sent message [0, [0], 0] to 2
[info] send message to 3: [0, [0], 0]
[info] sent message [0, [0], 0] to 3
[info] send message to 6: [0, [0], 0]
[info] sent message [0, [0], 0] to 6
[info] send message to 7: [0, [0], 0]
[info] sent message [0, [0], 0] to 7
[info] message is [0, [2], 0]
[info] this node's round : 0, id : 0, parent :2, status :True
[info] the received message is, round 0, id : 2, sub_tree: 0, from 1
[info] changed wave to 2
[info] send message to 2: [0, 2, 0]
[info] send message to 3: [0, 2, 0]
[info] send message to 6: [0, 2, 0]
[info] send message to 7: [0, 2, 0]
[info] message is [0, [8], 0]
[info] this node's round : 0, id : 2, parent :1, status :False
[info] the received message is, round 0, id : 8, sub_tree: 0, from 7
[info] changed wave to 8
[info] send message to 1: [0, 8, 0]
[info] send message to 2: [0, 8, 0]
[info] send message to 3: [0, 8, 0]
[info] send message to 6: [0, 8, 0]
[info] message is [0, [0], 0]
[info] this node's round : 0, id : 8, parent :7, status :False
[info] the received message is, round 0, id : 0, sub_tree: 0, from 2
[info] message is [0, 7, 0]
[info] this node's round : 0, id : 8, parent :7, status :False
[info] the received message is, round 0, id : 7, sub_tree: 0, from 1
[info] message is [0, [8], 0]
[info] this node's round : 0, id : 8, parent :7, status :False
[info] the received message is, round 0, id : 8, sub_tree: 0, from 6
[info] received message from ['6']
[info] neighbors ['1', '2', '3', '6']
[info] message is [0, 2, 0]
[info] this node's round : 0, id : 8, parent :7, status :False
[info] the received message is, round 0, id : 2, sub_tree: 0, from 2
[info] message is [1, 2, 0]
[info] this node's round : 0, id : 8, parent :7, status :False
[info] the received message is, round 1, id : 2, sub_tree: 0, from 1
[info] changed wave to 2
[info] send message to 2: [1, 2, 0]
[info] send message to 3: [1, 2, 0]
[info] send message to 6: [1, 2, 0]
[info] send message to 7: [1, 2, 0]
[info] message is [0, [3], 0]
[info] this node's round : 1, id : 2, parent :1, status :False
[info] the received message is, round 0, id : 3, sub_tree: 0, from 3
[info] message is [0, 8, 0]
[info] this node's round : 1, id : 2, parent :1, status :False
[info] the received message is, round 0, id : 8, sub_tree: 0, from 2
[info] message is [1, [4], 0]
[info] this node's round : 1, id : 2, parent :1, status :False
[info] the received message is, round 1, id : 4, sub_tree: 0, from 6
[info] changed wave to 4
[info] send message to 1: [1, 4, 0]
[info] send message to 2: [1, 4, 0]
[info] send message to 3: [1, 4, 0]
[info] send message to 7: [1, 4, 0]
[info] message is [1, 2, 0]
[info] this node's round : 1, id : 4, parent :6, status :False
[info] the received message is, round 1, id : 2, sub_tree: 0, from 2
[info] message is [1, 2, 0]
[info] this node's round : 1, id : 4, parent :6, status :False
[info] the received message is, round 1, id : 2, sub_tree: 0, from 7
[info] message is [1, 4, 0]
[info] this node's round : 1, id : 4, parent :6, status :False
[info] the received message is, round 1, id : 4, sub_tree: 0, from 2
[info] received message from ['2']
[info] neighbors ['1', '2', '3', '7']
[info] message is [1, 4, 0]
[info] this node's round : 1, id : 4, parent :6, status :False
[info] the received message is, round 1, id : 4, sub_tree: 0, from 7
[info] received message from ['2', '7']
[info] neighbors ['1', '2', '3', '7']
[info] message is [1, 4, 2]
[info] this node's round : 1, id : 4, parent :6, status :False
[info] the received message is, round 1, id : 4, sub_tree: 2, from 1
[info] received message from ['2', '7', '1']
[info] neighbors ['1', '2', '3', '7']
[info] message is [1, 4, 2]
[info] this node's round : 1, id : 4, parent :6, status :False
[info] the received message is, round 1, id : 4, sub_tree: 2, from 3
[info] received message from ['2', '7', '1', '3']
[info] neighbors ['1', '2', '3', '7']
[info] returned from all of the neighbors 
[info] send message to 6: [1, 4, 7]
[info] send message to 1: exit
[info] send message to 2: exit
[info] send message to 3: exit
[info] send message to 6: exit
[info] send message to 7: exit
