[info] number of nodes 9
[info] Hello from node5
[info] I'm connected to nodes ['1', '5']
[info] I have edges [('5', '1'), ('5', '5')]
[info] current status is True
[info] send message to 1: [0, [7], 0]
[info] sent message [0, [7], 0] to 1
[info] send message to 5: [0, [7], 0]
[info] sent message [0, [7], 0] to 5
[info] message is [0, [7], 0]
[info] this node's round : 0, id : 7, parent :5, status :True
[info] the received message is, round 0, id : 7, sub_tree: 0, from 5
[info] received message from []
[info] neighbors ['1']
[info] message is [1, 4, 0]
[info] this node's round : 0, id : 7, parent :5, status :True
[info] the received message is, round 1, id : 4, sub_tree: 0, from 1
[info] changed wave to 4
[info] send message to 5: [1, 4, 0]
[info] message is [1, 4, 0]
[info] this node's round : 1, id : 4, parent :1, status :False
[info] the received message is, round 1, id : 4, sub_tree: 0, from 5
[info] received message from ['5']
[info] neighbors ['5']
[info] returned from all of the neighbors 
[info] send message to 1: [1, 4, 0]
[info] send message to 1: exit
[info] packet "1: exit" lost!
[info] send message to 5: exit
