[info] number of nodes 9
[info] Hello from node6
[info] I'm connected to nodes ['2', '6']
[info] I have edges [('6', '2'), ('6', '6')]
[info] current status is True
[info] send message to 2: [0, [8], 0]
[info] sent message [0, [8], 0] to 2
[info] send message to 6: [0, [8], 0]
[info] sent message [0, [8], 0] to 6
[info] message is [0, [0], 0]
[info] this node's round : 0, id : 8, parent :6, status :True
[info] the received message is, round 0, id : 0, sub_tree: 0, from 2
[info] message is [0, [8], 0]
[info] this node's round : 0, id : 8, parent :6, status :True
[info] the received message is, round 0, id : 8, sub_tree: 0, from 6
[info] received message from []
[info] neighbors ['2']
[info] message is [0, 2, 0]
[info] this node's round : 0, id : 8, parent :6, status :True
[info] the received message is, round 0, id : 2, sub_tree: 0, from 2
[info] message is [0, 8, 0]
[info] this node's round : 0, id : 8, parent :6, status :True
[info] the received message is, round 0, id : 8, sub_tree: 0, from 2
[info] received message from ['2']
[info] neighbors ['2']
[info] returned from all of the neighbors 
[info] send message to 2: [1, [4], 0]
[info] message is [1, 2, 0]
[info] this node's round : 1, id : 4, parent :6, status :True
[info] the received message is, round 1, id : 2, sub_tree: 0, from 2
[info] message is [1, 4, 7]
[info] this node's round : 1, id : 4, parent :6, status :True
[info] the received message is, round 1, id : 4, sub_tree: 7, from 2
[info] received message from ['2']
[info] neighbors ['2']
[info] returned from all of the neighbors 
[info] send message to 2: exit
